<?xml version="1.0" encoding="UTF-8"?>
<testng-results skipped="0" failed="0" total="2" passed="2">
  <reporter-output>
  </reporter-output>
  <suite name="Default suite" duration-ms="650" started-at="2017-06-08T20:17:23Z" finished-at="2017-06-08T20:17:24Z">
    <groups>
      <group name="cucumber">
        <method signature="AbstractTestNGCucumberTests.feature(cucumber.api.testng.CucumberFeatureWrapper)[pri:0, instance:com.runner.TestRunner@77caeb3e]" name="feature" class="cucumber.api.testng.AbstractTestNGCucumberTests"/>
      </group> <!-- cucumber -->
    </groups>
    <test name="Default test" duration-ms="650" started-at="2017-06-08T20:17:23Z" finished-at="2017-06-08T20:17:24Z">
      <class name="com.runner.TestRunner">
        <test-method status="PASS" signature="setUpClass()[pri:0, instance:com.runner.TestRunner@77caeb3e]" name="setUpClass" is-config="true" duration-ms="335" started-at="2017-06-08T13:17:23Z" finished-at="2017-06-08T13:17:23Z">
          <reporter-output>
          </reporter-output>
        </test-method> <!-- setUpClass -->
        <test-method status="PASS" signature="feature(cucumber.api.testng.CucumberFeatureWrapper)[pri:0, instance:com.runner.TestRunner@77caeb3e]" name="feature" duration-ms="179" started-at="2017-06-08T13:17:23Z" description="Runs Cucumber Feature" data-provider="features" finished-at="2017-06-08T13:17:24Z">
          <params>
            <param index="0">
              <value>
                <![CDATA[To sanction Loan for the customer]]>
              </value>
            </param>
          </params>
          <reporter-output>
          </reporter-output>
        </test-method> <!-- feature -->
        <test-method status="PASS" signature="feature(cucumber.api.testng.CucumberFeatureWrapper)[pri:0, instance:com.runner.TestRunner@77caeb3e]" name="feature" duration-ms="21" started-at="2017-06-08T13:17:24Z" description="Runs Cucumber Feature" data-provider="features" finished-at="2017-06-08T13:17:24Z">
          <params>
            <param index="0">
              <value>
                <![CDATA[Login Feature]]>
              </value>
            </param>
          </params>
          <reporter-output>
          </reporter-output>
        </test-method> <!-- feature -->
        <test-method status="PASS" signature="tearDownClass()[pri:0, instance:com.runner.TestRunner@77caeb3e]" name="tearDownClass" is-config="true" duration-ms="11" started-at="2017-06-08T13:17:24Z" finished-at="2017-06-08T13:17:24Z">
          <reporter-output>
          </reporter-output>
        </test-method> <!-- tearDownClass -->
      </class> <!-- com.runner.TestRunner -->
    </test> <!-- Default test -->
  </suite> <!-- Default suite -->
</testng-results>
